[2025-04-23 05:21:17]Backup begin
[2025-04-23 05:21:17]Load name filters[1005]
==Output Finish==
Backup DataBase Finish..

===========================================================
==DataStatistics==
TotalRole: 19
ShaoLinRole: 1
TianWangRole: 1
TangMenRole: 2
WuDuRole: 2
EMeiRole: 5
CuiYanRole: 0
GaiBangRole: 1
TianRenRole: 2
WuDangRole: 2
KunLunRole: 3
BeginRole: 0
NoFactionRole: 0
------------------------------------------------
TotalMoney: 279185376.000000
ShaoLinMoney: 1642019.000000
TianWangMoney: 1327491.000000
TangMenMoney: 3265237.000000
WuDuMoney: 1264555.000000
EMeiMoney: 170368710.000000
CuiYanMoney: 0.000000
GaiBangMoney: 3827146.000000
TianRenMoney: 3558533.000000
WuDangMoney: 7004846.000000
KunLunMoney: 86926839.000000
BeginMoney: 0.000000
NoFactionMoney: 0.000000
------------------------------------------------
Distribution of The Role Level[1-200Level]: 
Level	Total role	Total TranLifeCount[0]	Total TranLifeCount[1]	Total TranLifeCount[2]	Total TranLifeCount[3]	Total TranLifeCount[4]	Total TranLifeCount[5]	Total TranLifeCount[6]	Total TranLifeCount[7]	
81Level Roles:	2	2							
82Level Roles:	1	1							
83Level Roles:	1	1							
84Level Roles:	2	2							
88Level Roles:	1	1							
90Level Roles:	1	1							
91Level Roles:	8	8							
97Level Roles:	1	1							
98Level Roles:	1	1							
100Level Roles:	1	1							
------------------------------------------------
Distribution of role's TranLifeCount
TranLifeCount[0]: 19
------------------------------------------------
TotalWllsHonor: 0
TotalEnergy: 188

===========================================================
==Role's Statistics==:
--------------Level--------------
YahooTL1	-1	1
LÇuÙDiÙQuý	-2	2
YahooCL5	-3	3
YahooTV6	-4	4
N×mÙNhôcÙPÈu	-5	5
YahooBu3	-6	6
NguyÔnÙMinhÙTrÝ	-7	7
VßngÙCónÙD­ìng	-8	8
NguyÔnÙThóyÙH»ng	-9	9
YahooCB4	-10	10
--------------Money--------------
GameMaster	96662911	0
N×mÙNhôcÙPÈu	71404262	0
YahooBu3	64420056	0
1546464	14514932	0
YahooNM2	7012690	0
LÇuÙDiÙQuý	6713831	0
YahooCB4	3827146	0
NguyÔnÙMinhÙTrÝ	2939891	0
VßngÙCónÙD­ìng	2725449	0
NguyÔnÙThóyÙH»ng	2000193	0
--------------Killer--------------
YahooCB4	8	0
YahooBu3	5	0
YahooNM2	5	0
YahooCL5	2	0
NguyÔnÙThóyÙH»ng	2	0
YahooTL1	2	0
YahooTV6	2	0
NguyÔnÙMinhÙTrÝ	1	0
LÇuÙDiÙQuý	1	0
	0	0
--------------Fortune--------------
GameMaster	1353	0
N×mÙNhôcÙPÈu	999	0
YahooBu3	901	0
1546464	203	0
YahooNM2	98	0
LÇuÙDiÙQuý	93	0
YahooCB4	53	0
NguyÔnÙMinhÙTrÝ	41	0
VßngÙCónÙD­ìng	38	0
NguyÔnÙThóyÙH»ng	28	0
--------------BossKiller--------------
GameMaster	5	1
LÇuÙDiÙQuý	1	2
N×mÙNhôcÙPÈu	1	3
VßngÙCónÙD­ìng	1	4
YahooBu3	1	5
YahooTL1	1	6
	0	7
	0	8
	0	9
	0	10
--------------LeagueWinner--------------
	0	1
	0	2
	0	3
	0	4
	0	5
	0	6
	0	7
	0	8
	0	9
	0	10
--------------Faction NoFaction Level Sort--------------
	-1	-1
	-2	-1
	-3	-1
	-4	-1
	-5	-1
	-6	-1
	-7	-1
	-8	-1
	-9	-1
	-10	-1
--------------Faction NoFaction Money Sort---------------
	0	0
	0	0
	0	0
	0	0
	0	0
	0	0
	0	0
	0	0
	0	0
	0	0
--------------Faction ShaoLin Level Sort--------------
YahooTL1	-1	-1
	-2	-1
	-3	-1
	-4	-1
	-5	-1
	-6	-1
	-7	-1
	-8	-1
	-9	-1
	-10	-1
--------------Faction ShaoLin Money Sort---------------
YahooTL1	1642019	0
	0	0
	0	0
	0	0
	0	0
	0	0
	0	0
	0	0
	0	0
	0	0
--------------Faction TianWang Level Sort--------------
YahooTV6	-1	-1
	-2	-1
	-3	-1
	-4	-1
	-5	-1
	-6	-1
	-7	-1
	-8	-1
	-9	-1
	-10	-1
--------------Faction TianWang Money Sort---------------
YahooTV6	1327491	0
	0	0
	0	0
	0	0
	0	0
	0	0
	0	0
	0	0
	0	0
	0	0
--------------Faction TangMen Level Sort--------------
VßngÙCónÙD­ìng	-1	-1
686868	-2	-1
	-3	-1
	-4	-1
	-5	-1
	-6	-1
	-7	-1
	-8	-1
	-9	-1
	-10	-1
--------------Faction TangMen Money Sort---------------
VßngÙCónÙD­ìng	2725449	0
686868	539788	0
	0	0
	0	0
	0	0
	0	0
	0	0
	0	0
	0	0
	0	0
--------------Faction WuDu Level Sort--------------
NguyÔnÙ§øcÙH¹nh	-1	-1
123123123	-2	-1
	-3	-1
	-4	-1
	-5	-1
	-6	-1
	-7	-1
	-8	-1
	-9	-1
	-10	-1
--------------Faction WuDu Money Sort---------------
NguyÔnÙ§øcÙH¹nh	900005	0
123123123	364550	0
	0	0
	0	0
	0	0
	0	0
	0	0
	0	0
	0	0
	0	0
--------------Faction EMei Level Sort--------------
YahooBu3	-1	-1
NguyÔnÙThóyÙH»ng	-2	-1
YahooNM2	-3	-1
68768688	-4	-1
GameMaster	-5	-1
	-6	-1
	-7	-1
	-8	-1
	-9	-1
	-10	-1
--------------Faction EMei Money Sort---------------
GameMaster	96662911	0
YahooBu3	64420056	0
YahooNM2	7012690	0
NguyÔnÙThóyÙH»ng	2000193	0
68768688	272860	0
	0	0
	0	0
	0	0
	0	0
	0	0
--------------Faction CuiYan Level Sort--------------
	-1	-1
	-2	-1
	-3	-1
	-4	-1
	-5	-1
	-6	-1
	-7	-1
	-8	-1
	-9	-1
	-10	-1
--------------Faction CuiYan Money Sort---------------
	0	0
	0	0
	0	0
	0	0
	0	0
	0	0
	0	0
	0	0
	0	0
	0	0
--------------Faction GaiBang Level Sort--------------
YahooCB4	-1	-1
	-2	-1
	-3	-1
	-4	-1
	-5	-1
	-6	-1
	-7	-1
	-8	-1
	-9	-1
	-10	-1
--------------Faction GaiBang Money Sort---------------
YahooCB4	3827146	0
	0	0
	0	0
	0	0
	0	0
	0	0
	0	0
	0	0
	0	0
	0	0
--------------Faction TianRen Level Sort--------------
NguyÔnÙMinhÙTrÝ	-1	-1
12313132	-2	-1
	-3	-1
	-4	-1
	-5	-1
	-6	-1
	-7	-1
	-8	-1
	-9	-1
	-10	-1
--------------Faction TianRen Money Sort---------------
NguyÔnÙMinhÙTrÝ	2939891	0
12313132	618642	0
	0	0
	0	0
	0	0
	0	0
	0	0
	0	0
	0	0
	0	0
--------------Faction WuDang Level Sort--------------
LÇuÙDiÙQuý	-1	-1
4564654	-2	-1
	-3	-1
	-4	-1
	-5	-1
	-6	-1
	-7	-1
	-8	-1
	-9	-1
	-10	-1
--------------Faction WuDang Money Sort---------------
LÇuÙDiÙQuý	6713831	0
4564654	291015	0
	0	0
	0	0
	0	0
	0	0
	0	0
	0	0
	0	0
	0	0
--------------Faction KunLun Level Sort--------------
YahooCL5	-1	-1
N×mÙNhôcÙPÈu	-2	-1
1546464	-3	-1
	-4	-1
	-5	-1
	-6	-1
	-7	-1
	-8	-1
	-9	-1
	-10	-1
--------------Faction KunLun Money Sort---------------
N×mÙNhôcÙPÈu	71404262	0
1546464	14514932	0
YahooCL5	1007645	0
	0	0
	0	0
	0	0
	0	0
	0	0
	0	0
	0	0
--------------Camp BEGIN Level Sort--------------
	-1	-1
	-2	-1
	-3	-1
	-4	-1
	-5	-1
	-6	-1
	-7	-1
	-8	-1
	-9	-1
	-10	-1
--------------Camp BEGIN Money Sort---------------
	0	0
	0	0
	0	0
	0	0
	0	0
	0	0
	0	0
	0	0
	0	0
	0	0
--------------Camp JUSTICE Level Sort--------------
LÇuÙDiÙQuý	-1	-1
N×mÙNhôcÙPÈu	-2	-1
NguyÔnÙMinhÙTrÝ	-3	-1
VßngÙCónÙD­ìng	-4	-1
NguyÔnÙThóyÙH»ng	-5	-1
NguyÔnÙ§øcÙH¹nh	-6	-1
GameMaster	-7	-1
	-8	-1
	-9	-1
	-10	-1
--------------Camp JUSTICE Money Sort---------------
GameMaster	96662911	0
N×mÙNhôcÙPÈu	71404262	0
LÇuÙDiÙQuý	6713831	0
NguyÔnÙMinhÙTrÝ	2939891	0
VßngÙCónÙD­ìng	2725449	0
NguyÔnÙThóyÙH»ng	2000193	0
NguyÔnÙ§øcÙH¹nh	900005	0
	0	0
	0	0
	0	0
--------------Camp EVIL Level Sort--------------
	-1	-1
	-2	-1
	-3	-1
	-4	-1
	-5	-1
	-6	-1
	-7	-1
	-8	-1
	-9	-1
	-10	-1
--------------Camp EVIL Money Sort---------------
	0	0
	0	0
	0	0
	0	0
	0	0
	0	0
	0	0
	0	0
	0	0
	0	0
--------------Camp BALANCE Level Sort--------------
YahooTL1	-1	-1
YahooCL5	-2	-1
YahooTV6	-3	-1
YahooBu3	-4	-1
YahooCB4	-5	-1
686868	-6	-1
YahooNM2	-7	-1
12313132	-8	-1
123123123	-9	-1
1546464	-10	-1
--------------Camp BALANCE Money Sort---------------
YahooBu3	64420056	0
1546464	14514932	0
YahooNM2	7012690	0
YahooCB4	3827146	0
YahooTL1	1642019	0
YahooTV6	1327491	0
YahooCL5	1007645	0
12313132	618642	0
686868	539788	0
123123123	364550	0
--------------Camp FREE Level Sort--------------
	-1	-1
	-2	-1
	-3	-1
	-4	-1
	-5	-1
	-6	-1
	-7	-1
	-8	-1
	-9	-1
	-10	-1
--------------Camp FREE Money Sort---------------
	0	0
	0	0
	0	0
	0	0
	0	0
	0	0
	0	0
	0	0
	0	0
	0	0
Role Number in Faction
Sect NoFaction : 0
Sect ShaoLin : 1
Sect TianWang : 1
Sect TangMen : 2
Sect WuDu : 2
Sect EMei : 5
Sect CuiYan : 0
Sect GaiBang : 1
Sect TianRen : 2
Sect WuDang : 2
Sect KunLun : 3

The Meney Top 1000 Role Rate in Faction
Sect NoFaction : 0
Sect ShaoLin : 1
Sect TianWang : 1
Sect TangMen : 2
Sect WuDu : 2
Sect EMei : 5
Sect CuiYan : 0
Sect GaiBang : 1
Sect TianRen : 2
Sect WuDang : 2
Sect KunLun : 3

The Level Top 1000 Role Rate in Faction
Sect NoFaction : 0
Sect ShaoLin : 1
Sect TianWang : 1
Sect TangMen : 2
Sect WuDu : 2
Sect EMei : 5
Sect CuiYan : 0
Sect GaiBang : 1
Sect TianRen : 2
Sect WuDang : 2
Sect KunLun : 3

Statistic count: 32
Statistic[0]: 27
Statistic[1]: 0
Statistic[2]: 0
Statistic[3]: 1
Statistic[4]: 1
Statistic[5]: 2
Statistic[6]: 1
Statistic[7]: 0
Statistic[8]: 2
Statistic[9]: 1
Statistic[10]: 0
Statistic[11]: 15
Statistic[12]: 12
Statistic[13]: 41
Statistic[14]: 1214
Statistic[15]: 1
Statistic[16]: 0
Statistic[17]: 0
Statistic[18]: 0
Statistic[19]: 0
Statistic[20]: 0
Statistic[21]: 9
Statistic[22]: 0
Statistic[23]: 0
Statistic[24]: 0
Statistic[25]: 0
Statistic[26]: 0
Statistic[27]: 0
Statistic[28]: 0
Statistic[29]: 0
Statistic[30]: 0
Statistic[31]: 0

[2025-04-23 05:21:20]Backup end
