00:33:41	 ----------------------So Dat Cuoc : 0	 So Chi Tra 0	Loi Tuc	0
00:35:26	 Name: GameMaster	 Dat Cuoc BÇu Voi 100 Tien Dong
00:36:41	 ----------------------So Dat Cuoc : 100	 So Chi Tra 0	Loi Tuc	100
00:37:51	 Name: GameMaster	 Dat Cuoc Nai Voi 100 Tien Dong
00:38:26	 Name: shidaichi	 Dat Cuoc T«m Voi 100 Tien Dong
00:39:41	 ----------------------So Dat Cuoc : 200	 So Chi Tra 300	Loi Tuc	-100
00:39:41	 Name: GameMaster	 Chien Thang Bau Cua 300 Tien Dong
00:42:41	 ----------------------So Dat Cuoc : 0	 So Chi Tra 0	Loi Tuc	0
00:45:41	 ----------------------So Dat Cuoc : 0	 So Chi Tra 0	Loi Tuc	0
00:48:41	 ----------------------So Dat Cuoc : 0	 So Chi Tra 0	Loi Tuc	0
00:51:41	 ----------------------So Dat Cuoc : 0	 So Chi Tra 0	Loi Tuc	0
00:54:41	 ----------------------So Dat Cuoc : 0	 So Chi Tra 0	Loi Tuc	0
00:57:41	 ----------------------So Dat Cuoc : 0	 So Chi Tra 0	Loi Tuc	0
01:00:41	 ----------------------So Dat Cuoc : 0	 So Chi Tra 0	Loi Tuc	0
07:15:05	 ----------------------So Dat Cuoc : 0	 So Chi Tra 0	Loi Tuc	0
07:18:05	 ----------------------So Dat Cuoc : 0	 So Chi Tra 0	Loi Tuc	0
07:21:05	 ----------------------So Dat Cuoc : 0	 So Chi Tra 0	Loi Tuc	0
07:24:05	 ----------------------So Dat Cuoc : 0	 So Chi Tra 0	Loi Tuc	0
07:27:05	 ----------------------So Dat Cuoc : 0	 So Chi Tra 0	Loi Tuc	0
07:30:05	 ----------------------So Dat Cuoc : 0	 So Chi Tra 0	Loi Tuc	0
07:33:05	 ----------------------So Dat Cuoc : 0	 So Chi Tra 0	Loi Tuc	0
07:36:05	 ----------------------So Dat Cuoc : 0	 So Chi Tra 0	Loi Tuc	0
07:39:05	 ----------------------So Dat Cuoc : 0	 So Chi Tra 0	Loi Tuc	0
07:42:05	 ----------------------So Dat Cuoc : 0	 So Chi Tra 0	Loi Tuc	0
07:45:05	 ----------------------So Dat Cuoc : 0	 So Chi Tra 0	Loi Tuc	0
07:48:05	 ----------------------So Dat Cuoc : 0	 So Chi Tra 0	Loi Tuc	0
07:51:05	 ----------------------So Dat Cuoc : 0	 So Chi Tra 0	Loi Tuc	0
07:54:05	 ----------------------So Dat Cuoc : 0	 So Chi Tra 0	Loi Tuc	0
07:57:05	 ----------------------So Dat Cuoc : 0	 So Chi Tra 0	Loi Tuc	0
08:00:05	 ----------------------So Dat Cuoc : 0	 So Chi Tra 0	Loi Tuc	0
08:03:05	 ----------------------So Dat Cuoc : 0	 So Chi Tra 0	Loi Tuc	0
08:06:05	 ----------------------So Dat Cuoc : 0	 So Chi Tra 0	Loi Tuc	0
08:09:05	 ----------------------So Dat Cuoc : 0	 So Chi Tra 0	Loi Tuc	0
08:12:05	 ----------------------So Dat Cuoc : 0	 So Chi Tra 0	Loi Tuc	0
08:15:05	 ----------------------So Dat Cuoc : 0	 So Chi Tra 0	Loi Tuc	0
08:18:05	 ----------------------So Dat Cuoc : 0	 So Chi Tra 0	Loi Tuc	0
08:21:05	 ----------------------So Dat Cuoc : 0	 So Chi Tra 0	Loi Tuc	0
08:24:05	 ----------------------So Dat Cuoc : 0	 So Chi Tra 0	Loi Tuc	0
08:27:05	 ----------------------So Dat Cuoc : 0	 So Chi Tra 0	Loi Tuc	0
08:30:05	 ----------------------So Dat Cuoc : 0	 So Chi Tra 0	Loi Tuc	0
08:33:05	 ----------------------So Dat Cuoc : 0	 So Chi Tra 0	Loi Tuc	0
08:36:05	 ----------------------So Dat Cuoc : 0	 So Chi Tra 0	Loi Tuc	0
08:39:05	 ----------------------So Dat Cuoc : 0	 So Chi Tra 0	Loi Tuc	0
08:42:05	 ----------------------So Dat Cuoc : 0	 So Chi Tra 0	Loi Tuc	0
08:45:05	 ----------------------So Dat Cuoc : 0	 So Chi Tra 0	Loi Tuc	0
08:48:05	 ----------------------So Dat Cuoc : 0	 So Chi Tra 0	Loi Tuc	0
08:51:05	 ----------------------So Dat Cuoc : 0	 So Chi Tra 0	Loi Tuc	0
08:54:05	 ----------------------So Dat Cuoc : 0	 So Chi Tra 0	Loi Tuc	0
08:57:05	 ----------------------So Dat Cuoc : 0	 So Chi Tra 0	Loi Tuc	0
09:00:05	 ----------------------So Dat Cuoc : 0	 So Chi Tra 0	Loi Tuc	0
09:03:05	 ----------------------So Dat Cuoc : 0	 So Chi Tra 0	Loi Tuc	0
09:06:05	 ----------------------So Dat Cuoc : 0	 So Chi Tra 0	Loi Tuc	0
09:09:05	 ----------------------So Dat Cuoc : 0	 So Chi Tra 0	Loi Tuc	0
09:12:05	 ----------------------So Dat Cuoc : 0	 So Chi Tra 0	Loi Tuc	0
09:15:05	 ----------------------So Dat Cuoc : 0	 So Chi Tra 0	Loi Tuc	0
09:18:05	 ----------------------So Dat Cuoc : 0	 So Chi Tra 0	Loi Tuc	0
09:21:05	 ----------------------So Dat Cuoc : 0	 So Chi Tra 0	Loi Tuc	0
09:24:05	 ----------------------So Dat Cuoc : 0	 So Chi Tra 0	Loi Tuc	0
09:27:05	 ----------------------So Dat Cuoc : 0	 So Chi Tra 0	Loi Tuc	0
09:30:05	 ----------------------So Dat Cuoc : 0	 So Chi Tra 0	Loi Tuc	0
09:33:05	 ----------------------So Dat Cuoc : 0	 So Chi Tra 0	Loi Tuc	0
09:36:05	 ----------------------So Dat Cuoc : 0	 So Chi Tra 0	Loi Tuc	0
09:39:05	 ----------------------So Dat Cuoc : 0	 So Chi Tra 0	Loi Tuc	0
09:42:05	 ----------------------So Dat Cuoc : 0	 So Chi Tra 0	Loi Tuc	0
09:45:05	 ----------------------So Dat Cuoc : 0	 So Chi Tra 0	Loi Tuc	0
09:48:05	 ----------------------So Dat Cuoc : 0	 So Chi Tra 0	Loi Tuc	0
09:51:05	 ----------------------So Dat Cuoc : 0	 So Chi Tra 0	Loi Tuc	0
09:54:05	 ----------------------So Dat Cuoc : 0	 So Chi Tra 0	Loi Tuc	0
09:57:05	 ----------------------So Dat Cuoc : 0	 So Chi Tra 0	Loi Tuc	0
10:00:05	 ----------------------So Dat Cuoc : 0	 So Chi Tra 0	Loi Tuc	0
10:03:05	 ----------------------So Dat Cuoc : 0	 So Chi Tra 0	Loi Tuc	0
10:06:05	 ----------------------So Dat Cuoc : 0	 So Chi Tra 0	Loi Tuc	0
10:09:05	 ----------------------So Dat Cuoc : 0	 So Chi Tra 0	Loi Tuc	0
10:12:05	 ----------------------So Dat Cuoc : 0	 So Chi Tra 0	Loi Tuc	0
10:15:05	 ----------------------So Dat Cuoc : 0	 So Chi Tra 0	Loi Tuc	0
10:18:05	 ----------------------So Dat Cuoc : 0	 So Chi Tra 0	Loi Tuc	0
10:21:05	 ----------------------So Dat Cuoc : 0	 So Chi Tra 0	Loi Tuc	0
10:24:05	 ----------------------So Dat Cuoc : 0	 So Chi Tra 0	Loi Tuc	0
10:27:05	 ----------------------So Dat Cuoc : 0	 So Chi Tra 0	Loi Tuc	0
10:30:05	 ----------------------So Dat Cuoc : 0	 So Chi Tra 0	Loi Tuc	0
10:33:05	 ----------------------So Dat Cuoc : 0	 So Chi Tra 0	Loi Tuc	0
10:36:05	 ----------------------So Dat Cuoc : 0	 So Chi Tra 0	Loi Tuc	0
10:39:05	 ----------------------So Dat Cuoc : 0	 So Chi Tra 0	Loi Tuc	0
10:42:05	 ----------------------So Dat Cuoc : 0	 So Chi Tra 0	Loi Tuc	0
10:45:05	 ----------------------So Dat Cuoc : 0	 So Chi Tra 0	Loi Tuc	0
10:48:05	 ----------------------So Dat Cuoc : 0	 So Chi Tra 0	Loi Tuc	0
10:51:05	 ----------------------So Dat Cuoc : 0	 So Chi Tra 0	Loi Tuc	0
10:54:05	 ----------------------So Dat Cuoc : 0	 So Chi Tra 0	Loi Tuc	0
10:57:05	 ----------------------So Dat Cuoc : 0	 So Chi Tra 0	Loi Tuc	0
